<?xml version="1.0" encoding="UTF-8"?>
<!-- Generated by org.testng.reporters.JUnitReportReporter -->
<testsuite hostname="SKL-ALEKS-PAVLE" failures="0" tests="1" name="actions.VlocityFilter" time="15.992" errors="0" timestamp="2022-07-18T15:53:32 CEST" skipped="0">
  <testcase classname="actions.VlocityFilter" name="main" time="15.992"/>
  <system-out/>
</testsuite> <!-- actions.VlocityFilter -->
