<?xml version="1.0" encoding="UTF-8"?>
<!-- Generated by org.testng.reporters.JUnitReportReporter -->
<testsuite hostname="SKL-ALEKS-PAVLE" failures="0" tests="1" name="pi.CreateOrchestrationPlan" time="27.468" errors="0" timestamp="2022-07-20T16:41:05 CEST" skipped="0">
  <testcase classname="pi.CreateOrchestrationPlan" name="orchestrationPlan" time="27.468"/>
  <system-out/>
</testsuite> <!-- pi.CreateOrchestrationPlan -->
