<?xml version="1.0" encoding="UTF-8"?>
<!-- Generated by org.testng.reporters.JUnitReportReporter -->
<testsuite hostname="SKL-ALEKS-PAVLE" failures="0" tests="1" name="ui.CreateAccount" time="23.995" errors="0" timestamp="2022-07-20T12:57:46 CEST" skipped="0">
  <testcase classname="ui.CreateAccount" name="createAccount" time="23.995"/>
  <system-out/>
</testsuite> <!-- ui.CreateAccount -->
