<?xml version="1.0" encoding="UTF-8"?>
<!-- Generated by org.testng.reporters.JUnitReportReporter -->
<testsuite hostname="SKL-ALEKS-PAVLE" failures="0" tests="1" name="sw.CreatePartnerContract" time="17.265" errors="0" timestamp="2022-07-20T16:41:06 CEST" skipped="0">
  <testcase classname="sw.CreatePartnerContract" name="createPartnerContract" time="17.265"/>
  <system-out/>
</testsuite> <!-- sw.CreatePartnerContract -->
