<?xml version="1.0" encoding="UTF-8"?>
<!-- Generated by org.testng.reporters.JUnitReportReporter -->
<testsuite hostname="SKL-ALEKS-PAVLE" failures="0" tests="1" name="actions.CreateVlocityRule" time="26.091" errors="0" timestamp="2022-07-18T15:53:31 CEST" skipped="0">
  <testcase classname="actions.CreateVlocityRule" name="main" time="26.091"/>
  <system-out/>
</testsuite> <!-- actions.CreateVlocityRule -->
