<?xml version="1.0" encoding="UTF-8"?>
<!-- Generated by org.testng.reporters.JUnitReportReporter -->
<testsuite hostname="SKL-ALEKS-PAVLE" failures="0" tests="1" name="pi.CreateContact" time="31.255" errors="0" timestamp="2022-07-28T10:32:31 CEST" skipped="0">
  <testcase classname="pi.CreateContact" name="createContact" time="31.255"/>
  <system-out/>
</testsuite> <!-- pi.CreateContact -->
