<?xml version="1.0" encoding="UTF-8"?>
<!-- Generated by org.testng.reporters.JUnitReportReporter -->
<testsuite hostname="SKL-ALEKS-PAVLE" failures="0" tests="1" name="ui.EmailList" time="15.892" errors="0" timestamp="2022-07-20T15:27:40 CEST" skipped="0">
  <testcase classname="ui.EmailList" name="emailList" time="15.892"/>
  <system-out/>
</testsuite> <!-- ui.EmailList -->
