<?xml version="1.0" encoding="UTF-8"?>
<!-- Generated by org.testng.reporters.JUnitReportReporter -->
<testsuite hostname="SKL-ALEKS-PAVLE" failures="0" tests="1" name="ui.OrchestrationDefinition" time="16.692" errors="0" timestamp="2022-07-20T16:41:05 CEST" skipped="0">
  <testcase classname="ui.OrchestrationDefinition" name="editPlanDefinition" time="16.692"/>
  <system-out/>
</testsuite> <!-- ui.OrchestrationDefinition -->
