<?xml version="1.0" encoding="UTF-8"?>
<!-- Generated by org.testng.reporters.JUnitReportReporter -->
<testsuite hostname="SKL-ALEKS-PAVLE" failures="0" tests="1" name="actions.CreateLicence" time="19.435" errors="0" timestamp="2022-07-28T11:39:13 CEST" skipped="0">
  <testcase classname="actions.CreateLicence" name="createLicense" time="19.435"/>
  <system-out>
    <![CDATA[The name of the method is createLicense
Status of execution 1]]>
  </system-out>
</testsuite> <!-- actions.CreateLicence -->
