<?xml version="1.0" encoding="UTF-8"?>
<!-- Generated by org.testng.reporters.JUnitReportReporter -->
<testsuite hostname="SKL-ALEKS-PAVLE" failures="0" tests="1" name="wait.EmailList" time="12.303" errors="0" timestamp="2022-07-20T16:41:05 CEST" skipped="0">
  <testcase classname="wait.EmailList" name="emailListTwo" time="12.303"/>
  <system-out/>
</testsuite> <!-- wait.EmailList -->
