<?xml version="1.0" encoding="UTF-8"?>
<!-- Generated by org.testng.reporters.JUnitReportReporter -->
<testsuite hostname="SKL-ALEKS-PAVLE" failures="0" tests="1" name="wait.CreateContact" time="26.664" errors="0" timestamp="2022-07-20T16:41:06 CEST" skipped="0">
  <testcase classname="wait.CreateContact" name="createContactTwo" time="26.664"/>
  <system-out/>
</testsuite> <!-- wait.CreateContact -->
