<?xml version="1.0" encoding="UTF-8"?>
<!-- Generated by org.testng.reporters.JUnitReportReporter -->
<testsuite hostname="SKL-ALEKS-PAVLE" failures="0" tests="1" name="wait.CreateLead" time="13.237" errors="0" timestamp="2022-07-20T13:46:43 CEST" skipped="0">
  <testcase classname="wait.CreateLead" name="createLeadTwo" time="13.237"/>
  <system-out/>
</testsuite> <!-- wait.CreateLead -->
