<?xml version="1.0" encoding="UTF-8"?>
<!-- Generated by org.testng.reporters.JUnitReportReporter -->
<testsuite hostname="SKL-ALEKS-PAVLE" failures="0" tests="3" name="reports.ReportClass" time="0.021" errors="0" timestamp="2022-07-20T19:14:59 CEST" skipped="0">
  <testcase classname="reports.ReportClass" name="reporterTestTwo" time="0.002"/>
  <system-out>
    <![CDATA[The name of the method is reporterTestTwo
Status of execution 1]]>
  </system-out>
  <testcase classname="reports.ReportClass" name="reporterTestThree" time="0.003"/>
  <system-out>
    <![CDATA[The name of the method is reporterTestThree
Hi
Status of execution 1]]>
  </system-out>
  <testcase classname="reports.ReportClass" name="reporterTestOne" time="0.016"/>
  <system-out>
    <![CDATA[The name of the method is reporterTestOne
Status of execution 1]]>
  </system-out>
</testsuite> <!-- reports.ReportClass -->
