<?xml version="1.0" encoding="UTF-8"?>
<!-- Generated by org.testng.reporters.JUnitReportReporter -->
<testsuite hostname="SKL-ALEKS-PAVLE" failures="0" tests="1" name="sc.CreateContactRequest" time="20.004" errors="0" timestamp="2022-07-20T16:41:06 CEST" skipped="0">
  <testcase classname="sc.CreateContactRequest" name="contactRequest" time="20.004"/>
  <system-out/>
</testsuite> <!-- sc.CreateContactRequest -->
