<?xml version="1.0" encoding="UTF-8"?>
<!-- Generated by org.testng.reporters.JUnitReportReporter -->
<testsuite hostname="SKL-ALEKS-PAVLE" failures="0" tests="1" name="wait.DownloadFile" time="13.746" errors="0" timestamp="2022-07-20T13:43:36 CEST" skipped="0">
  <testcase classname="wait.DownloadFile" name="downloadFileTwo" time="13.746"/>
  <system-out/>
</testsuite> <!-- wait.DownloadFile -->
