<?xml version="1.0" encoding="UTF-8"?>
<!-- Generated by org.testng.reporters.JUnitReportReporter -->
<testsuite hostname="SKL-ALEKS-PAVLE" failures="0" tests="1" name="sc.CreateSystem" time="14.562" errors="0" timestamp="2022-07-20T16:41:06 CEST" skipped="0">
  <testcase classname="sc.CreateSystem" name="createSystem" time="14.562"/>
  <system-out/>
</testsuite> <!-- sc.CreateSystem -->
