<?xml version="1.0" encoding="UTF-8"?>
<!-- Generated by org.testng.reporters.JUnitReportReporter -->
<testsuite hostname="SKL-ALEKS-PAVLE" failures="0" tests="1" name="sc.CreatePackage" time="20.513" errors="0" timestamp="2022-07-20T12:47:36 CEST" skipped="0">
  <testcase classname="sc.CreatePackage" name="createPackage" time="20.513"/>
  <system-out/>
</testsuite> <!-- sc.CreatePackage -->
